<?xml version="1.0" encoding="UTF-8"?>
<!-- Generated by org.testng.reporters.JUnitXMLReporter -->
<testsuite ignored="0" hostname="v313autodev3015" failures="0" tests="7" name="Surefire test" time="11.565" errors="0" timestamp="2023-10-21T23:33:04 AEST">
  <testcase classname="io.petstore.PetTests" name="addNewPet" time="3.105"/>
  <testcase classname="io.petstore.PetTests" name="verifyNewPet" time="1.067"/>
  <testcase classname="io.petstore.PetTests" name="updatePet" time="1.032"/>
  <testcase classname="io.petstore.PetTests" name="verifyUpdatedPet" time="1.027"/>
  <testcase classname="io.petstore.PetTests" name="getPetByStatus" time="1.465"/>
  <testcase classname="io.petstore.PetTests" name="deletePet" time="1.816"/>
  <testcase classname="io.petstore.PetTests" name="verifyPetDeleted" time="1.034"/>
</testsuite> <!-- Surefire test -->
