<?xml version="1.0" encoding="UTF-8"?>
<testsuite xmlns:xsi="http://www.w3.org/2001/XMLSchema-instance" xsi:noNamespaceSchemaLocation="https://maven.apache.org/surefire/maven-surefire-plugin/xsd/surefire-test-report-3.0.xsd" version="3.0" name="TestSuite" time="12.573" tests="7" errors="0" skipped="0" failures="0">
  <properties>
[...]
</properties>
  <testcase name="addNewPet" classname="io.petstore.PetTests" time="3.127">
    <system-out><![CDATA[Request method:	POST
Request URI:	https://petstore.swagger.io/v2/pet
Proxy:			<none>
Request params:	<none>
Query params:	<none>
Form params:	<none>
Path params:	<none>
Headers:		Accept=*/*
				Content-Type=application/json
Cookies:		<none>
Multiparts:		<none>
Body:
{
    "id": "31540",
    "category": {
        "id": 1,
        "name": "dogs"
    },
    "name": "My pet",
    "photoUrls": [
        "https://www.tesco.ie/groceries/MarketingContent/Sites/Retail/superstore/Online/P/i/departments/2016/Pets/1BC.jpg"
    ],
    "tags": [
        {
            "id": 1,
            "name": "golden-retriever"
        }
    ],
    "status": "available"
}
{
    "id": 31540,
    "category": {
        "id": 1,
        "name": "dogs"
    },
    "name": "My pet",
    "photoUrls": [
        "https://www.tesco.ie/groceries/MarketingContent/Sites/Retail/superstore/Online/P/i/departments/2016/Pets/1BC.jpg"
    ],
    "tags": [
        {
            "id": 1,
            "name": "golden-retriever"
        }
    ],
    "status": "available"
}
---- Request ---
<pre>Request method:	POST<br>Request URI:	https://petstore.swagger.io/v2/pet<br>Proxy:			<none><br>Request params:	<none><br>Query params:	<none><br>Form params:	<none><br>Path params:	<none><br>Headers:		Accept=*/*<br>				Content-Type=application/json<br>Cookies:		<none><br>Multiparts:		<none><br>Body:<br>{<br>    "id": "31540",<br>    "category": {<br>        "id": 1,<br>        "name": "dogs"<br>    },<br>    "name": "My pet",<br>    "photoUrls": [<br>        "https://www.tesco.ie/groceries/MarketingContent/Sites/Retail/superstore/Online/P/i/departments/2016/Pets/1BC.jpg"<br>    ],<br>    "tags": [<br>        {<br>            "id": 1,<br>            "name": "golden-retriever"<br>        }<br>    ],<br>    "status": "available"<br>}<br></pre>
---- Response ---
<pre>{<br>    "id": 31540,<br>    "category": {<br>        "id": 1,<br>        "name": "dogs"<br>    },<br>    "name": "My pet",<br>    "photoUrls": [<br>        "https://www.tesco.ie/groceries/MarketingContent/Sites/Retail/superstore/Online/P/i/departments/2016/Pets/1BC.jpg"<br>    ],<br>    "tags": [<br>        {<br>            "id": 1,<br>            "name": "golden-retriever"<br>        }<br>    ],<br>    "status": "available"<br>}</pre>
]]></system-out>
    <system-err><![CDATA[SLF4J: Failed to load class "org.slf4j.impl.StaticLoggerBinder".
SLF4J: Defaulting to no-operation (NOP) logger implementation
SLF4J: See http://www.slf4j.org/codes.html#StaticLoggerBinder for further details.
]]></system-err>
  </testcase>
  <testcase name="verifyNewPet" classname="io.petstore.PetTests" time="1.033">
    <system-out><![CDATA[Request method:	GET
Request URI:	https://petstore.swagger.io/v2/pet/31540
Proxy:			<none>
Request params:	<none>
Query params:	<none>
Form params:	<none>
Path params:	petId=31540
Headers:		Accept=*/*
				Content-Type=application/json
Cookies:		<none>
Multiparts:		<none>
Body:			<none>
]]></system-out>
  </testcase>
  <testcase name="updatePet" classname="io.petstore.PetTests" time="1.055">
    <system-out><![CDATA[Request method:	PUT
Request URI:	https://petstore.swagger.io/v2/pet
Proxy:			<none>
Request params:	<none>
Query params:	<none>
Form params:	<none>
Path params:	<none>
Headers:		Accept=*/*
				Content-Type=application/json
Cookies:		<none>
Multiparts:		<none>
Body:
{
    "id": "31540",
    "category": {
        "id": 1,
        "name": "dogs"
    },
    "name": "New name for my pet",
    "photoUrls": [
        "https://www.tesco.ie/groceries/MarketingContent/Sites/Retail/superstore/Online/P/i/departments/2016/Pets/1BC.jpg"
    ],
    "tags": [
        {
            "id": 1,
            "name": "golden-retriever"
        }
    ],
    "status": "pending"
}
{
    "id": 31540,
    "category": {
        "id": 1,
        "name": "dogs"
    },
    "name": "New name for my pet",
    "photoUrls": [
        "https://www.tesco.ie/groceries/MarketingContent/Sites/Retail/superstore/Online/P/i/departments/2016/Pets/1BC.jpg"
    ],
    "tags": [
        {
            "id": 1,
            "name": "golden-retriever"
        }
    ],
    "status": "pending"
}
---- Request ---
<pre>Request method:	PUT<br>Request URI:	https://petstore.swagger.io/v2/pet<br>Proxy:			<none><br>Request params:	<none><br>Query params:	<none><br>Form params:	<none><br>Path params:	<none><br>Headers:		Accept=*/*<br>				Content-Type=application/json<br>Cookies:		<none><br>Multiparts:		<none><br>Body:<br>{<br>    "id": "31540",<br>    "category": {<br>        "id": 1,<br>        "name": "dogs"<br>    },<br>    "name": "New name for my pet",<br>    "photoUrls": [<br>        "https://www.tesco.ie/groceries/MarketingContent/Sites/Retail/superstore/Online/P/i/departments/2016/Pets/1BC.jpg"<br>    ],<br>    "tags": [<br>        {<br>            "id": 1,<br>            "name": "golden-retriever"<br>        }<br>    ],<br>    "status": "pending"<br>}<br></pre>
---- Response ---
<pre>{<br>    "id": 31540,<br>    "category": {<br>        "id": 1,<br>        "name": "dogs"<br>    },<br>    "name": "New name for my pet",<br>    "photoUrls": [<br>        "https://www.tesco.ie/groceries/MarketingContent/Sites/Retail/superstore/Online/P/i/departments/2016/Pets/1BC.jpg"<br>    ],<br>    "tags": [<br>        {<br>            "id": 1,<br>            "name": "golden-retriever"<br>        }<br>    ],<br>    "status": "pending"<br>}</pre>
]]></system-out>
  </testcase>
  <testcase name="verifyUpdatedPet" classname="io.petstore.PetTests" time="1.002">
    <system-out><![CDATA[Request method:	GET
Request URI:	https://petstore.swagger.io/v2/pet/31540
Proxy:			<none>
Request params:	<none>
Query params:	<none>
Form params:	<none>
Path params:	petId=31540
Headers:		Accept=*/*
				Content-Type=application/json
Cookies:		<none>
Multiparts:		<none>
Body:			<none>
]]></system-out>
  </testcase>
  <testcase name="getPetByStatus" classname="io.petstore.PetTests" time="1.475">
    <system-out><![CDATA[Request method:	GET
Request URI:	https://petstore.swagger.io/v2/pet/findByStatus?status=sold
Proxy:			<none>
Request params:	<none>
Query params:	status=sold
Form params:	<none>
Path params:	<none>
Headers:		Accept=*/*
				Content-Type=application/json
Cookies:		<none>
Multiparts:		<none>
Body:			<none>
HTTP/1.1 200 OK
Date: Sat, 21 Oct 2023 13:33:00 GMT
Content-Type: application/json
Transfer-Encoding: chunked
Connection: keep-alive
Access-Control-Allow-Origin: *
Access-Control-Allow-Methods: GET, POST, DELETE, PUT
Access-Control-Allow-Headers: Content-Type, api_key, Authorization
Server: Jetty(9.2.9.v20150224)

[
    {
        "id": 89714,
        "category": {
            "id": 0,
            "name": "dog"
        },
        "name": "Doguinho",
        "photoUrls": [
            "string"
        ],
        "tags": [
            {
                "id": 0,
                "name": "string"
            }
        ],
        "status": "sold"
    },
    {
        "id": 67556,
        "category": {
            "id": 0,
            "name": "dog"
        },
        "name": "Doguinho",
        "photoUrls": [
            "string"
        ],
        "tags": [
            {
                "id": 0,
                "name": "string"
            }
        ],
        "status": "sold"
    },
    {
        "id": 65579,
        "category": {
            "id": 0,
            "name": "dog"
        },
        "name": "Doguinho",
        "photoUrls": [
            "string"
        ],
        "tags": [
            {
                "id": 0,
                "name": "string"
            }
        ],
        "status": "sold"
    },
    {
        "id": 21168,
        "category": {
            "id": 0,
            "name": "dog"
        },
        "name": "Doguinho",
        "photoUrls": [
            "string"
        ],
        "tags": [
            {
                "id": 0,
                "name": "string"
            }
        ],
        "status": "sold"
    },
    {
        "id": 93911,
        "category": {
            "id": 0,
            "name": "dog"
        },
        "name": "Doguinho",
        "photoUrls": [
            "string"
        ],
        "tags": [
            {
                "id": 0,
                "name": "string"
            }
        ],
        "status": "sold"
    },
    {
        "id": 92161,
        "category": {
            "id": 0,
            "name": "dog"
        },
        "name": "Doguinho",
        "photoUrls": [
            "string"
        ],
        "tags": [
            {
                "id": 0,
                "name": "string"
            }
        ],
        "status": "sold"
    },
    {
        "id": 20123,
        "category": {
            "id": 0,
            "name": "dog"
        },
        "name": "Doguinho",
        "photoUrls": [
            "string"
        ],
        "tags": [
            {
                "id": 0,
                "name": "string"
            }
        ],
        "status": "sold"
    },
    {
        "id": 50758,
        "category": {
            "id": 0,
            "name": "dog"
        },
        "name": "Doguinho",
        "photoUrls": [
            "string"
        ],
        "tags": [
            {
                "id": 0,
                "name": "string"
            }
        ],
        "status": "sold"
    }
]
Number of pets with status available: 8
]]></system-out>
  </testcase>
  <testcase name="deletePet" classname="io.petstore.PetTests" time="1.808">
    <system-out><![CDATA[Request method:	DELETE
Request URI:	https://petstore.swagger.io/v2/pet/31540
Proxy:			<none>
Request params:	<none>
Query params:	<none>
Form params:	<none>
Path params:	petId=31540
Headers:		Accept=*/*
				Content-Type=application/json
Cookies:		<none>
Multiparts:		<none>
Body:			<none>
HTTP/1.1 200 OK
Date: Sat, 21 Oct 2023 13:33:02 GMT
Content-Type: application/json
Transfer-Encoding: chunked
Connection: keep-alive
Access-Control-Allow-Origin: *
Access-Control-Allow-Methods: GET, POST, DELETE, PUT
Access-Control-Allow-Headers: Content-Type, api_key, Authorization
Server: Jetty(9.2.9.v20150224)

{
    "code": 200,
    "type": "unknown",
    "message": "31540"
}
]]></system-out>
  </testcase>
  <testcase name="verifyPetDeleted" classname="io.petstore.PetTests" time="1.038">
    <system-out><![CDATA[Request method:	GET
Request URI:	https://petstore.swagger.io/v2/pet/31540
Proxy:			<none>
Request params:	<none>
Query params:	<none>
Form params:	<none>
Path params:	petId=31540
Headers:		Accept=*/*
				Content-Type=application/json
Cookies:		<none>
Multiparts:		<none>
Body:			<none>
HTTP/1.1 404 Not Found
Date: Sat, 21 Oct 2023 13:33:04 GMT
Content-Type: application/json
Transfer-Encoding: chunked
Connection: keep-alive
Access-Control-Allow-Origin: *
Access-Control-Allow-Methods: GET, POST, DELETE, PUT
Access-Control-Allow-Headers: Content-Type, api_key, Authorization
Server: Jetty(9.2.9.v20150224)

{
    "code": 1,
    "type": "error",
    "message": "Pet not found"
}
]]></system-out>
  </testcase>
</testsuite>