<?xml version="1.0" encoding="UTF-8"?>
<testng-results ignored="0" total="7" passed="7" failed="0" skipped="0">
  <reporter-output>
  </reporter-output>
  <suite started-at="2023-10-21T23:32:52 AEST" name="Surefire suite" finished-at="2023-10-21T23:33:04 AEST" duration-ms="11565">
    <groups>
    </groups>
    <test started-at="2023-10-21T23:32:52 AEST" name="Surefire test" finished-at="2023-10-21T23:33:04 AEST" duration-ms="11565">
      <class name="io.petstore.PetTests">
        <test-method is-config="true" signature="beforeClass()[pri:0, instance:io.petstore.PetTests@222114ba]" started-at="2023-10-21T23:32:52 AEST" name="beforeClass" finished-at="2023-10-21T23:32:53 AEST" duration-ms="937" status="PASS">
          <reporter-output>
          </reporter-output>
        </test-method> <!-- beforeClass -->
        <test-method is-config="true" signature="setUp()[pri:0, instance:io.petstore.PetTests@222114ba]" started-at="2023-10-21T23:32:53 AEST" name="setUp" finished-at="2023-10-21T23:32:53 AEST" duration-ms="2" status="PASS">
          <reporter-output>
          </reporter-output>
        </test-method> <!-- setUp -->
        <test-method signature="addNewPet()[pri:0, instance:io.petstore.PetTests@222114ba]" started-at="2023-10-21T23:32:53 AEST" name="addNewPet" finished-at="2023-10-21T23:32:56 AEST" duration-ms="3105" status="PASS">
          <reporter-output>
          </reporter-output>
        </test-method> <!-- addNewPet -->
        <test-method is-config="true" signature="setUp()[pri:0, instance:io.petstore.PetTests@222114ba]" started-at="2023-10-21T23:32:56 AEST" name="setUp" finished-at="2023-10-21T23:32:56 AEST" duration-ms="0" status="PASS">
          <reporter-output>
          </reporter-output>
        </test-method> <!-- setUp -->
        <test-method signature="verifyNewPet()[pri:1, instance:io.petstore.PetTests@222114ba]" started-at="2023-10-21T23:32:56 AEST" name="verifyNewPet" finished-at="2023-10-21T23:32:57 AEST" duration-ms="1067" status="PASS">
          <reporter-output>
          </reporter-output>
        </test-method> <!-- verifyNewPet -->
        <test-method is-config="true" signature="setUp()[pri:0, instance:io.petstore.PetTests@222114ba]" started-at="2023-10-21T23:32:57 AEST" name="setUp" finished-at="2023-10-21T23:32:57 AEST" duration-ms="1" status="PASS">
          <reporter-output>
          </reporter-output>
        </test-method> <!-- setUp -->
        <test-method signature="updatePet()[pri:2, instance:io.petstore.PetTests@222114ba]" started-at="2023-10-21T23:32:57 AEST" name="updatePet" finished-at="2023-10-21T23:32:58 AEST" duration-ms="1032" status="PASS">
          <reporter-output>
          </reporter-output>
        </test-method> <!-- updatePet -->
        <test-method is-config="true" signature="setUp()[pri:0, instance:io.petstore.PetTests@222114ba]" started-at="2023-10-21T23:32:58 AEST" name="setUp" finished-at="2023-10-21T23:32:58 AEST" duration-ms="0" status="PASS">
          <reporter-output>
          </reporter-output>
        </test-method> <!-- setUp -->
        <test-method signature="verifyUpdatedPet()[pri:3, instance:io.petstore.PetTests@222114ba]" started-at="2023-10-21T23:32:58 AEST" name="verifyUpdatedPet" finished-at="2023-10-21T23:32:59 AEST" duration-ms="1027" status="PASS">
          <reporter-output>
          </reporter-output>
        </test-method> <!-- verifyUpdatedPet -->
        <test-method is-config="true" signature="setUp()[pri:0, instance:io.petstore.PetTests@222114ba]" started-at="2023-10-21T23:32:59 AEST" name="setUp" finished-at="2023-10-21T23:32:59 AEST" duration-ms="1" status="PASS">
          <reporter-output>
          </reporter-output>
        </test-method> <!-- setUp -->
        <test-method signature="getPetByStatus()[pri:5, instance:io.petstore.PetTests@222114ba]" started-at="2023-10-21T23:32:59 AEST" name="getPetByStatus" finished-at="2023-10-21T23:33:01 AEST" duration-ms="1465" status="PASS">
          <reporter-output>
          </reporter-output>
        </test-method> <!-- getPetByStatus -->
        <test-method is-config="true" signature="setUp()[pri:0, instance:io.petstore.PetTests@222114ba]" started-at="2023-10-21T23:33:01 AEST" name="setUp" finished-at="2023-10-21T23:33:01 AEST" duration-ms="1" status="PASS">
          <reporter-output>
          </reporter-output>
        </test-method> <!-- setUp -->
        <test-method signature="deletePet()[pri:6, instance:io.petstore.PetTests@222114ba]" started-at="2023-10-21T23:33:01 AEST" name="deletePet" finished-at="2023-10-21T23:33:03 AEST" duration-ms="1816" status="PASS">
          <reporter-output>
          </reporter-output>
        </test-method> <!-- deletePet -->
        <test-method signature="verifyPetDeleted()[pri:7, instance:io.petstore.PetTests@222114ba]" started-at="2023-10-21T23:33:03 AEST" name="verifyPetDeleted" finished-at="2023-10-21T23:33:04 AEST" duration-ms="1034" status="PASS">
          <reporter-output>
          </reporter-output>
        </test-method> <!-- verifyPetDeleted -->
        <test-method is-config="true" signature="setUp()[pri:0, instance:io.petstore.PetTests@222114ba]" started-at="2023-10-21T23:33:03 AEST" name="setUp" finished-at="2023-10-21T23:33:03 AEST" duration-ms="0" status="PASS">
          <reporter-output>
          </reporter-output>
        </test-method> <!-- setUp -->
      </class> <!-- io.petstore.PetTests -->
    </test> <!-- Surefire test -->
  </suite> <!-- Surefire suite -->
</testng-results>
